Performing C SOURCE FILE Test CMAKE_HAVE_LIBC_PTHREAD failed with the following output:
Change Dir: /mnt/data/embedded_vision_platform/build/CMakeFiles/CMakeTmp

Run Build Command(s):/usr/bin/make -f Makefile cmTC_6faba/fast && /usr/bin/make  -f CMakeFiles/cmTC_6faba.dir/build.make CMakeFiles/cmTC_6faba.dir/build
make[1]: Entering directory '/mnt/data/embedded_vision_platform/build/CMakeFiles/CMakeTmp'
Building C object CMakeFiles/cmTC_6faba.dir/src.c.o
/usr/bin/cc -DCMAKE_HAVE_LIBC_PTHREAD  -fPIE -o CMakeFiles/cmTC_6faba.dir/src.c.o -c /mnt/data/embedded_vision_platform/build/CMakeFiles/CMakeTmp/src.c
Linking C executable cmTC_6faba
/home/brianm/cmake-3.22.0-linux-aarch64/bin/cmake -E cmake_link_script CMakeFiles/cmTC_6faba.dir/link.txt --verbose=1
/usr/bin/cc CMakeFiles/cmTC_6faba.dir/src.c.o -o cmTC_6faba 
/usr/bin/ld: CMakeFiles/cmTC_6faba.dir/src.c.o: in function `main':
src.c:(.text+0x48): undefined reference to `pthread_create'
/usr/bin/ld: src.c:(.text+0x50): undefined reference to `pthread_detach'
/usr/bin/ld: src.c:(.text+0x58): undefined reference to `pthread_cancel'
/usr/bin/ld: src.c:(.text+0x64): undefined reference to `pthread_join'
collect2: error: ld returned 1 exit status
make[1]: *** [CMakeFiles/cmTC_6faba.dir/build.make:99: cmTC_6faba] Error 1
make[1]: Leaving directory '/mnt/data/embedded_vision_platform/build/CMakeFiles/CMakeTmp'
make: *** [Makefile:127: cmTC_6faba/fast] Error 2


Source file was:
#include <pthread.h>

static void* test_func(void* data)
{
  return data;
}

int main(void)
{
  pthread_t thread;
  pthread_create(&thread, NULL, test_func, NULL);
  pthread_detach(thread);
  pthread_cancel(thread);
  pthread_join(thread, NULL);
  pthread_atfork(NULL, NULL, NULL);
  pthread_exit(NULL);

  return 0;
}

Determining if the function pthread_create exists in the pthreads failed with the following output:
Change Dir: /mnt/data/embedded_vision_platform/build/CMakeFiles/CMakeTmp

Run Build Command(s):/usr/bin/make -f Makefile cmTC_5774c/fast && /usr/bin/make  -f CMakeFiles/cmTC_5774c.dir/build.make CMakeFiles/cmTC_5774c.dir/build
make[1]: Entering directory '/mnt/data/embedded_vision_platform/build/CMakeFiles/CMakeTmp'
Building C object CMakeFiles/cmTC_5774c.dir/CheckFunctionExists.c.o
/usr/bin/cc   -DCHECK_FUNCTION_EXISTS=pthread_create -fPIE -o CMakeFiles/cmTC_5774c.dir/CheckFunctionExists.c.o -c /home/brianm/cmake-3.22.0-linux-aarch64/share/cmake-3.22/Modules/CheckFunctionExists.c
Linking C executable cmTC_5774c
/home/brianm/cmake-3.22.0-linux-aarch64/bin/cmake -E cmake_link_script CMakeFiles/cmTC_5774c.dir/link.txt --verbose=1
/usr/bin/cc  -DCHECK_FUNCTION_EXISTS=pthread_create CMakeFiles/cmTC_5774c.dir/CheckFunctionExists.c.o -o cmTC_5774c  -lpthreads 
/usr/bin/ld: cannot find -lpthreads
collect2: error: ld returned 1 exit status
make[1]: *** [CMakeFiles/cmTC_5774c.dir/build.make:99: cmTC_5774c] Error 1
make[1]: Leaving directory '/mnt/data/embedded_vision_platform/build/CMakeFiles/CMakeTmp'
make: *** [Makefile:127: cmTC_5774c/fast] Error 2



